2024-10-20T18:08:39+00:00 INFO Payment gateway enabled: "Bancontact"
2024-10-20T18:08:41+00:00 INFO Payment gateway enabled: "Klarna"
2024-10-20T18:08:41+00:00 INFO Payment gateway enabled: "iDEAL"
2024-10-20T18:08:43+00:00 INFO Payment gateway enabled: "Stripe Card Processing"
2024-10-20T18:08:45+00:00 INFO Payment gateway enabled: "Cash on delivery"
2024-10-20T18:11:45+00:00 WARNING Empty patterns received from the PTK pattern store
2024-10-20T18:11:58+00:00 WARNING Empty patterns received from the PTK pattern store
2024-10-20T18:11:59+00:00 WARNING Empty patterns received from the PTK pattern store
2024-10-20T18:12:00+00:00 WARNING Empty patterns received from the PTK pattern store
2024-10-20T18:12:05+00:00 WARNING Empty patterns received from the PTK pattern store
2024-10-20T18:12:05+00:00 WARNING Empty patterns received from the PTK pattern store
2024-10-20T18:12:11+00:00 WARNING Empty patterns received from the PTK pattern store
2024-10-20T18:12:12+00:00 WARNING Empty patterns received from the PTK pattern store
2024-10-20T18:12:19+00:00 WARNING Empty patterns received from the PTK pattern store
2024-10-20T18:12:21+00:00 WARNING Empty patterns received from the PTK pattern store
2024-10-20T18:12:23+00:00 WARNING Empty patterns received from the PTK pattern store
2024-10-20T18:12:24+00:00 WARNING Empty patterns received from the PTK pattern store
2024-10-20T18:12:29+00:00 WARNING Empty patterns received from the PTK pattern store
2024-10-20T18:12:30+00:00 WARNING Empty patterns received from the PTK pattern store
2024-10-20T18:12:33+00:00 WARNING Empty patterns received from the PTK pattern store
2024-10-20T18:12:35+00:00 WARNING Empty patterns received from the PTK pattern store
2024-10-20T18:12:36+00:00 WARNING Empty patterns received from the PTK pattern store
2024-10-20T18:12:38+00:00 WARNING Empty patterns received from the PTK pattern store
2024-10-20T18:12:40+00:00 WARNING Empty patterns received from the PTK pattern store
2024-10-20T18:12:41+00:00 WARNING Empty patterns received from the PTK pattern store
2024-10-20T18:12:46+00:00 WARNING Empty patterns received from the PTK pattern store
2024-10-20T18:12:48+00:00 WARNING Empty patterns received from the PTK pattern store
2024-10-20T18:12:48+00:00 WARNING Empty patterns received from the PTK pattern store
2024-10-20T18:12:48+00:00 WARNING Empty patterns received from the PTK pattern store
2024-10-20T18:12:48+00:00 WARNING Empty patterns received from the PTK pattern store
2024-10-20T18:12:48+00:00 WARNING Empty patterns received from the PTK pattern store
2024-10-20T18:12:48+00:00 WARNING Empty patterns received from the PTK pattern store
2024-10-20T18:12:49+00:00 WARNING Empty patterns received from the PTK pattern store
2024-10-20T18:12:50+00:00 WARNING Empty patterns received from the PTK pattern store
2024-10-20T18:12:50+00:00 WARNING Empty patterns received from the PTK pattern store
2024-10-20T18:12:50+00:00 WARNING Empty patterns received from the PTK pattern store
